Starting massive technical debt sweep...
Need to refactor: server/node_modules/side-channel-weakmap/index.js
Need to refactor: server/node_modules/mime/src/test.js
Need to refactor: server/node_modules/asn1.js/lib/asn1/base/node.js
Need to refactor: server/node_modules/qs/test/stringify.js
Need to refactor: server/node_modules/qs/test/stringify.js
Need to refactor: server/node_modules/pg-protocol/src/buffer-reader.ts
Need to refactor: server/node_modules/pg-protocol/src/parser.ts
Need to refactor: server/node_modules/pg-protocol/dist/buffer-reader.js
Need to refactor: server/node_modules/pg-protocol/dist/parser.js
Need to refactor: server/node_modules/side-channel/index.js
Need to refactor: server/node_modules/mime-types/index.js
Need to refactor: server/node_modules/mime-types/index.js
Need to refactor: server/node_modules/mime-types/index.js
Need to refactor: server/node_modules/mime-types/index.js
Need to refactor: server/node_modules/side-channel-map/index.js
Need to refactor: server/node_modules/body-parser/lib/types/json.js
Need to refactor: server/node_modules/iconv-lite/encodings/dbcs-data.js
Need to refactor: server/node_modules/iconv-lite/encodings/dbcs-data.js
Need to refactor: server/node_modules/iconv-lite/encodings/dbcs-data.js
Need to refactor: server/node_modules/iconv-lite/encodings/dbcs-codec.js
Need to refactor: server/node_modules/iconv-lite/encodings/dbcs-codec.js
Need to refactor: server/node_modules/iconv-lite/lib/extend-node.js
Need to refactor: server/node_modules/express/lib/request.js
Need to refactor: server/node_modules/call-bind-apply-helpers/index.js
Need to refactor: server/node_modules/object-inspect/.eslintrc
Need to refactor: server/node_modules/jws/readme.md
Need to refactor: server/node_modules/jsonwebtoken/README.md
Need to refactor: server/node_modules/jsonwebtoken/sign.js
Need to refactor: server/node_modules/jsonwebtoken/sign.js
Need to refactor: server/node_modules/bn.js/lib/bn.js
Need to refactor: server/node_modules/bn.js/lib/bn.js
Need to refactor: server/node_modules/bn.js/lib/bn.js
Need to refactor: server/node_modules/pg/lib/client.js
Need to refactor: server/node_modules/pg/lib/connection.js
Need to refactor: server/node_modules/pg/lib/query.js
Need to refactor: server/node_modules/pg/lib/native/client.js
Need to refactor: server/node_modules/https-proxy-agent/node_modules/debug/src/browser.js
Need to refactor: server/node_modules/semver/README.md
Need to refactor: server/node_modules/semver/classes/range.js
Need to refactor: server/node_modules/debug/src/browser.js
